mode: atomic
github.com/AleksandrMac/GeekBrains/Go/go_best_practice/csv_query/pkg/csv/read.go:26.42,27.17 1 12
github.com/AleksandrMac/GeekBrains/Go/go_best_practice/csv_query/pkg/csv/read.go:30.2,38.16 7 12
github.com/AleksandrMac/GeekBrains/Go/go_best_practice/csv_query/pkg/csv/read.go:41.2,41.15 1 12
github.com/AleksandrMac/GeekBrains/Go/go_best_practice/csv_query/pkg/csv/read.go:27.17,29.3 1 0
github.com/AleksandrMac/GeekBrains/Go/go_best_practice/csv_query/pkg/csv/read.go:38.16,40.3 1 0
github.com/AleksandrMac/GeekBrains/Go/go_best_practice/csv_query/pkg/csv/read.go:45.60,47.30 2 16
github.com/AleksandrMac/GeekBrains/Go/go_best_practice/csv_query/pkg/csv/read.go:123.2,123.21 1 16
github.com/AleksandrMac/GeekBrains/Go/go_best_practice/csv_query/pkg/csv/read.go:126.2,126.19 1 12
github.com/AleksandrMac/GeekBrains/Go/go_best_practice/csv_query/pkg/csv/read.go:47.30,50.12 3 208
github.com/AleksandrMac/GeekBrains/Go/go_best_practice/csv_query/pkg/csv/read.go:53.3,53.12 1 208
github.com/AleksandrMac/GeekBrains/Go/go_best_practice/csv_query/pkg/csv/read.go:57.3,57.14 1 208
github.com/AleksandrMac/GeekBrains/Go/go_best_practice/csv_query/pkg/csv/read.go:50.12,52.4 1 192
github.com/AleksandrMac/GeekBrains/Go/go_best_practice/csv_query/pkg/csv/read.go:53.12,55.4 1 160
github.com/AleksandrMac/GeekBrains/Go/go_best_practice/csv_query/pkg/csv/read.go:58.19,61.43 3 0
github.com/AleksandrMac/GeekBrains/Go/go_best_practice/csv_query/pkg/csv/read.go:64.4,64.33 1 0
github.com/AleksandrMac/GeekBrains/Go/go_best_practice/csv_query/pkg/csv/read.go:65.13,67.48 2 16
github.com/AleksandrMac/GeekBrains/Go/go_best_practice/csv_query/pkg/csv/read.go:70.4,70.33 1 16
github.com/AleksandrMac/GeekBrains/Go/go_best_practice/csv_query/pkg/csv/read.go:71.14,73.49 2 24
github.com/AleksandrMac/GeekBrains/Go/go_best_practice/csv_query/pkg/csv/read.go:76.4,76.33 1 24
github.com/AleksandrMac/GeekBrains/Go/go_best_practice/csv_query/pkg/csv/read.go:77.12,79.19 2 4
github.com/AleksandrMac/GeekBrains/Go/go_best_practice/csv_query/pkg/csv/read.go:83.4,83.30 1 0
github.com/AleksandrMac/GeekBrains/Go/go_best_practice/csv_query/pkg/csv/read.go:84.12,86.19 2 4
github.com/AleksandrMac/GeekBrains/Go/go_best_practice/csv_query/pkg/csv/read.go:90.4,90.30 1 3
github.com/AleksandrMac/GeekBrains/Go/go_best_practice/csv_query/pkg/csv/read.go:91.13,93.20 2 0
github.com/AleksandrMac/GeekBrains/Go/go_best_practice/csv_query/pkg/csv/read.go:97.4,97.30 1 0
github.com/AleksandrMac/GeekBrains/Go/go_best_practice/csv_query/pkg/csv/read.go:98.13,100.20 2 0
github.com/AleksandrMac/GeekBrains/Go/go_best_practice/csv_query/pkg/csv/read.go:104.4,104.30 1 0
github.com/AleksandrMac/GeekBrains/Go/go_best_practice/csv_query/pkg/csv/read.go:105.19,107.20 2 4
github.com/AleksandrMac/GeekBrains/Go/go_best_practice/csv_query/pkg/csv/read.go:111.4,111.30 1 0
github.com/AleksandrMac/GeekBrains/Go/go_best_practice/csv_query/pkg/csv/read.go:112.12,114.20 2 44
github.com/AleksandrMac/GeekBrains/Go/go_best_practice/csv_query/pkg/csv/read.go:118.4,118.30 1 25
github.com/AleksandrMac/GeekBrains/Go/go_best_practice/csv_query/pkg/csv/read.go:119.11,120.30 1 112
github.com/AleksandrMac/GeekBrains/Go/go_best_practice/csv_query/pkg/csv/read.go:61.43,63.5 1 0
github.com/AleksandrMac/GeekBrains/Go/go_best_practice/csv_query/pkg/csv/read.go:67.48,69.5 1 0
github.com/AleksandrMac/GeekBrains/Go/go_best_practice/csv_query/pkg/csv/read.go:73.49,75.5 1 0
github.com/AleksandrMac/GeekBrains/Go/go_best_practice/csv_query/pkg/csv/read.go:79.19,81.13 2 4
github.com/AleksandrMac/GeekBrains/Go/go_best_practice/csv_query/pkg/csv/read.go:86.19,88.13 2 1
github.com/AleksandrMac/GeekBrains/Go/go_best_practice/csv_query/pkg/csv/read.go:93.20,95.13 2 0
github.com/AleksandrMac/GeekBrains/Go/go_best_practice/csv_query/pkg/csv/read.go:100.20,102.13 2 0
github.com/AleksandrMac/GeekBrains/Go/go_best_practice/csv_query/pkg/csv/read.go:107.20,109.13 2 4
github.com/AleksandrMac/GeekBrains/Go/go_best_practice/csv_query/pkg/csv/read.go:114.20,116.13 2 19
github.com/AleksandrMac/GeekBrains/Go/go_best_practice/csv_query/pkg/csv/read.go:123.21,125.3 1 4
github.com/AleksandrMac/GeekBrains/Go/go_best_practice/csv_query/pkg/csv/read.go:130.56,132.28 2 17
github.com/AleksandrMac/GeekBrains/Go/go_best_practice/csv_query/pkg/csv/read.go:153.2,153.39 1 17
github.com/AleksandrMac/GeekBrains/Go/go_best_practice/csv_query/pkg/csv/read.go:157.2,157.16 1 17
github.com/AleksandrMac/GeekBrains/Go/go_best_practice/csv_query/pkg/csv/read.go:132.28,134.14 2 281
github.com/AleksandrMac/GeekBrains/Go/go_best_practice/csv_query/pkg/csv/read.go:135.12,136.30 1 27
github.com/AleksandrMac/GeekBrains/Go/go_best_practice/csv_query/pkg/csv/read.go:137.12,139.31 2 27
github.com/AleksandrMac/GeekBrains/Go/go_best_practice/csv_query/pkg/csv/read.go:142.4,142.21 1 27
github.com/AleksandrMac/GeekBrains/Go/go_best_practice/csv_query/pkg/csv/read.go:143.105,144.101 1 105
github.com/AleksandrMac/GeekBrains/Go/go_best_practice/csv_query/pkg/csv/read.go:148.4,148.30 1 105
github.com/AleksandrMac/GeekBrains/Go/go_best_practice/csv_query/pkg/csv/read.go:149.11,150.34 1 122
github.com/AleksandrMac/GeekBrains/Go/go_best_practice/csv_query/pkg/csv/read.go:139.31,141.5 1 54
github.com/AleksandrMac/GeekBrains/Go/go_best_practice/csv_query/pkg/csv/read.go:144.101,147.5 2 39
github.com/AleksandrMac/GeekBrains/Go/go_best_practice/csv_query/pkg/csv/read.go:153.39,155.3 1 12
github.com/AleksandrMac/GeekBrains/Go/go_best_practice/csv_query/pkg/csv/read.go:160.52,161.26 1 24
github.com/AleksandrMac/GeekBrains/Go/go_best_practice/csv_query/pkg/csv/read.go:161.26,162.14 1 456
github.com/AleksandrMac/GeekBrains/Go/go_best_practice/csv_query/pkg/csv/read.go:163.115,164.12 1 264
github.com/AleksandrMac/GeekBrains/Go/go_best_practice/csv_query/pkg/csv/read.go:165.11,166.37 1 192
github.com/AleksandrMac/GeekBrains/Go/go_best_practice/csv_query/pkg/csv/read.go:166.37,167.21 1 5976
github.com/AleksandrMac/GeekBrains/Go/go_best_practice/csv_query/pkg/csv/read.go:167.21,169.11 2 96
github.com/AleksandrMac/GeekBrains/Go/go_best_practice/csv_query/pkg/csv/read.go:177.41,179.18 2 240
github.com/AleksandrMac/GeekBrains/Go/go_best_practice/csv_query/pkg/csv/read.go:180.16,181.11 1 54
github.com/AleksandrMac/GeekBrains/Go/go_best_practice/csv_query/pkg/csv/read.go:182.28,183.11 1 0
github.com/AleksandrMac/GeekBrains/Go/go_best_practice/csv_query/pkg/csv/read.go:184.37,185.11 1 57
github.com/AleksandrMac/GeekBrains/Go/go_best_practice/csv_query/pkg/csv/read.go:186.12,187.11 1 41
github.com/AleksandrMac/GeekBrains/Go/go_best_practice/csv_query/pkg/csv/read.go:188.45,189.11 1 88
github.com/AleksandrMac/GeekBrains/Go/go_best_practice/csv_query/pkg/csv/read.go:190.10,191.11 1 0
github.com/AleksandrMac/GeekBrains/Go/go_best_practice/csv_query/pkg/csv/read.go:194.40,195.46 1 14
github.com/AleksandrMac/GeekBrains/Go/go_best_practice/csv_query/pkg/csv/read.go:199.2,199.12 1 14
github.com/AleksandrMac/GeekBrains/Go/go_best_practice/csv_query/pkg/csv/read.go:195.46,198.3 2 206
github.com/AleksandrMac/GeekBrains/Go/go_best_practice/csv_query/pkg/csv/read.go:202.45,206.34 4 206
github.com/AleksandrMac/GeekBrains/Go/go_best_practice/csv_query/pkg/csv/read.go:248.2,248.50 1 0
github.com/AleksandrMac/GeekBrains/Go/go_best_practice/csv_query/pkg/csv/read.go:206.34,207.14 1 1004
github.com/AleksandrMac/GeekBrains/Go/go_best_practice/csv_query/pkg/csv/read.go:208.17,209.29 1 38
github.com/AleksandrMac/GeekBrains/Go/go_best_practice/csv_query/pkg/csv/read.go:212.4,212.49 1 36
github.com/AleksandrMac/GeekBrains/Go/go_best_practice/csv_query/pkg/csv/read.go:213.27,214.29 1 88
github.com/AleksandrMac/GeekBrains/Go/go_best_practice/csv_query/pkg/csv/read.go:217.4,218.28 2 46
github.com/AleksandrMac/GeekBrains/Go/go_best_practice/csv_query/pkg/csv/read.go:225.11,226.15 1 878
github.com/AleksandrMac/GeekBrains/Go/go_best_practice/csv_query/pkg/csv/read.go:209.29,211.5 1 2
github.com/AleksandrMac/GeekBrains/Go/go_best_practice/csv_query/pkg/csv/read.go:214.29,216.5 1 42
github.com/AleksandrMac/GeekBrains/Go/go_best_practice/csv_query/pkg/csv/read.go:219.13,221.59 2 2
github.com/AleksandrMac/GeekBrains/Go/go_best_practice/csv_query/pkg/csv/read.go:222.12,223.59 1 44
github.com/AleksandrMac/GeekBrains/Go/go_best_practice/csv_query/pkg/csv/read.go:227.13,228.23 1 72
github.com/AleksandrMac/GeekBrains/Go/go_best_practice/csv_query/pkg/csv/read.go:234.5,234.45 1 0
github.com/AleksandrMac/GeekBrains/Go/go_best_practice/csv_query/pkg/csv/read.go:235.24,236.23 1 92
github.com/AleksandrMac/GeekBrains/Go/go_best_practice/csv_query/pkg/csv/read.go:241.5,242.59 2 46
github.com/AleksandrMac/GeekBrains/Go/go_best_practice/csv_query/pkg/csv/read.go:243.12,244.45 1 714
github.com/AleksandrMac/GeekBrains/Go/go_best_practice/csv_query/pkg/csv/read.go:228.23,229.31 1 72
github.com/AleksandrMac/GeekBrains/Go/go_best_practice/csv_query/pkg/csv/read.go:232.6,232.14 1 38
github.com/AleksandrMac/GeekBrains/Go/go_best_practice/csv_query/pkg/csv/read.go:229.31,231.7 1 34
github.com/AleksandrMac/GeekBrains/Go/go_best_practice/csv_query/pkg/csv/read.go:236.23,239.14 3 46
github.com/AleksandrMac/GeekBrains/Go/go_best_practice/csv_query/pkg/csv/read.go:251.52,255.32 4 25
github.com/AleksandrMac/GeekBrains/Go/go_best_practice/csv_query/pkg/csv/read.go:297.2,297.59 1 0
github.com/AleksandrMac/GeekBrains/Go/go_best_practice/csv_query/pkg/csv/read.go:255.32,257.14 2 123
github.com/AleksandrMac/GeekBrains/Go/go_best_practice/csv_query/pkg/csv/read.go:258.17,259.29 1 9
github.com/AleksandrMac/GeekBrains/Go/go_best_practice/csv_query/pkg/csv/read.go:263.4,263.49 1 6
github.com/AleksandrMac/GeekBrains/Go/go_best_practice/csv_query/pkg/csv/read.go:264.22,267.16 3 5
github.com/AleksandrMac/GeekBrains/Go/go_best_practice/csv_query/pkg/csv/read.go:274.11,275.15 1 109
github.com/AleksandrMac/GeekBrains/Go/go_best_practice/csv_query/pkg/csv/read.go:259.29,262.5 2 3
github.com/AleksandrMac/GeekBrains/Go/go_best_practice/csv_query/pkg/csv/read.go:268.23,270.68 2 1
github.com/AleksandrMac/GeekBrains/Go/go_best_practice/csv_query/pkg/csv/read.go:271.12,272.59 1 4
github.com/AleksandrMac/GeekBrains/Go/go_best_practice/csv_query/pkg/csv/read.go:276.13,277.23 1 18
github.com/AleksandrMac/GeekBrains/Go/go_best_practice/csv_query/pkg/csv/read.go:283.5,283.45 1 0
github.com/AleksandrMac/GeekBrains/Go/go_best_practice/csv_query/pkg/csv/read.go:284.24,285.23 1 10
github.com/AleksandrMac/GeekBrains/Go/go_best_practice/csv_query/pkg/csv/read.go:290.5,291.68 2 5
github.com/AleksandrMac/GeekBrains/Go/go_best_practice/csv_query/pkg/csv/read.go:292.12,293.45 1 81
github.com/AleksandrMac/GeekBrains/Go/go_best_practice/csv_query/pkg/csv/read.go:277.23,278.31 1 18
github.com/AleksandrMac/GeekBrains/Go/go_best_practice/csv_query/pkg/csv/read.go:281.6,281.14 1 12
github.com/AleksandrMac/GeekBrains/Go/go_best_practice/csv_query/pkg/csv/read.go:278.31,280.7 1 6
github.com/AleksandrMac/GeekBrains/Go/go_best_practice/csv_query/pkg/csv/read.go:285.23,288.14 3 5
github.com/AleksandrMac/GeekBrains/Go/go_best_practice/csv_query/pkg/csv/read.go:300.33,302.32 2 15
github.com/AleksandrMac/GeekBrains/Go/go_best_practice/csv_query/pkg/csv/read.go:305.2,305.15 1 15
github.com/AleksandrMac/GeekBrains/Go/go_best_practice/csv_query/pkg/csv/read.go:302.32,304.3 1 93
github.com/AleksandrMac/GeekBrains/Go/go_best_practice/csv_query/pkg/csv/read.go:308.42,310.15 2 3
github.com/AleksandrMac/GeekBrains/Go/go_best_practice/csv_query/pkg/csv/read.go:313.2,313.32 1 3
github.com/AleksandrMac/GeekBrains/Go/go_best_practice/csv_query/pkg/csv/read.go:310.15,312.3 1 0
github.com/AleksandrMac/GeekBrains/Go/go_best_practice/csv_query/pkg/csv/read.go:316.30,318.2 1 2
github.com/AleksandrMac/GeekBrains/Go/go_best_practice/csv_query/pkg/csv/read.go:320.38,321.13 1 0
github.com/AleksandrMac/GeekBrains/Go/go_best_practice/csv_query/pkg/csv/read.go:322.11,323.18 1 0
github.com/AleksandrMac/GeekBrains/Go/go_best_practice/csv_query/pkg/csv/read.go:324.11,325.18 1 0
github.com/AleksandrMac/GeekBrains/Go/go_best_practice/csv_query/pkg/csv/read.go:326.10,327.82 1 0
github.com/AleksandrMac/GeekBrains/Go/go_best_practice/csv_query/pkg/csv/read.go:331.44,332.34 1 16
github.com/AleksandrMac/GeekBrains/Go/go_best_practice/csv_query/pkg/csv/read.go:338.2,338.82 1 0
github.com/AleksandrMac/GeekBrains/Go/go_best_practice/csv_query/pkg/csv/read.go:332.34,333.33 1 16
github.com/AleksandrMac/GeekBrains/Go/go_best_practice/csv_query/pkg/csv/read.go:336.3,336.18 1 12
github.com/AleksandrMac/GeekBrains/Go/go_best_practice/csv_query/pkg/csv/read.go:333.33,335.4 1 4
github.com/AleksandrMac/GeekBrains/Go/go_best_practice/csv_query/pkg/csv/read.go:341.45,342.34 1 24
github.com/AleksandrMac/GeekBrains/Go/go_best_practice/csv_query/pkg/csv/read.go:348.2,348.82 1 0
github.com/AleksandrMac/GeekBrains/Go/go_best_practice/csv_query/pkg/csv/read.go:342.34,343.33 1 24
github.com/AleksandrMac/GeekBrains/Go/go_best_practice/csv_query/pkg/csv/read.go:346.3,346.18 1 18
github.com/AleksandrMac/GeekBrains/Go/go_best_practice/csv_query/pkg/csv/read.go:343.33,345.4 1 6
github.com/AleksandrMac/GeekBrains/Go/go_best_practice/csv_query/pkg/csv/read.go:351.30,352.13 1 80
github.com/AleksandrMac/GeekBrains/Go/go_best_practice/csv_query/pkg/csv/read.go:353.16,354.14 1 80
github.com/AleksandrMac/GeekBrains/Go/go_best_practice/csv_query/pkg/csv/read.go:355.10,356.15 1 0
